[0.005s] Invoking command in '/home/juloau/Desktop/TFG/tfg-jlopez/code/ros2/build/pibotj_pothole': /usr/bin/cmake --build /home/juloau/Desktop/TFG/tfg-jlopez/code/ros2/build/pibotj_pothole -- -j8 -l8
[0.026s] -- Found ament_cmake: 1.3.9 (/opt/ros/humble/share/ament_cmake/cmake)
[0.138s] -- Override CMake install command with custom implementation using symlinks instead of copying resources
[0.144s] -- Found urdf: 2.6.0 (/opt/ros/humble/share/urdf/cmake)
[0.181s] -- Found controller_manager: 2.41.0 (/opt/ros/humble/share/controller_manager/cmake)
[0.200s] -- Found rosidl_generator_c: 3.1.5 (/opt/ros/humble/share/rosidl_generator_c/cmake)
[0.202s] -- Found rosidl_adapter: 3.1.5 (/opt/ros/humble/share/rosidl_adapter/cmake)
[0.206s] -- Found rosidl_generator_cpp: 3.1.5 (/opt/ros/humble/share/rosidl_generator_cpp/cmake)
[0.215s] -- Using all available rosidl_typesupport_c: rosidl_typesupport_fastrtps_c;rosidl_typesupport_introspection_c
[0.227s] -- Using all available rosidl_typesupport_cpp: rosidl_typesupport_fastrtps_cpp;rosidl_typesupport_introspection_cpp
[0.802s] -- Found rmw_implementation_cmake: 6.1.2 (/opt/ros/humble/share/rmw_implementation_cmake/cmake)
[0.803s] -- Found rmw_fastrtps_cpp: 6.2.6 (/opt/ros/humble/share/rmw_fastrtps_cpp/cmake)
[0.831s] -- Found TinyXML2 via Config file: TinyXML2_DIR-NOTFOUND
[0.838s] -- Found TinyXML2 via Config file: TinyXML2_DIR-NOTFOUND
[0.860s] -- Found TinyXML2 via Config file: TinyXML2_DIR-NOTFOUND
[0.868s] -- Found TinyXML2 via Config file: TinyXML2_DIR-NOTFOUND
[0.878s] -- Using RMW implementation 'rmw_fastrtps_cpp' as default
[1.444s] -- Found joint_state_broadcaster: 2.35.0 (/opt/ros/humble/share/joint_state_broadcaster/cmake)
[1.560s] -- Found parameter_traits: 0.3.8 (/opt/ros/humble/share/parameter_traits/cmake)
[1.603s] -- Found robot_state_publisher: 3.0.3 (/opt/ros/humble/share/robot_state_publisher/cmake)
[1.618s] -- Found eigen3_cmake_module: 0.1.1 (/opt/ros/humble/share/eigen3_cmake_module/cmake)
[1.620s] -- Found Eigen3: TRUE (found version "3.4.0") 
[1.620s] -- Ensuring Eigen3 include directory is part of orocos-kdl CMake target
[1.935s] Error parsing '/home/juloau/Desktop/TFG/tfg-jlopez/code/ros2/src/pibotj_pothole/package.xml':
[1.978s] Traceback (most recent call last):
[1.978s]   File "/opt/ros/humble/share/ament_cmake_core/cmake/core/package_xml_2_cmake.py", line 150, in <module>
[1.978s]     main()
[1.979s]   File "/opt/ros/humble/share/ament_cmake_core/cmake/core/package_xml_2_cmake.py", line 53, in main
[1.979s]     raise e
[1.979s]   File "/opt/ros/humble/share/ament_cmake_core/cmake/core/package_xml_2_cmake.py", line 49, in main
[1.979s]     package = parse_package_string(
[1.979s]   File "/usr/lib/python3/dist-packages/catkin_pkg/package.py", line 786, in parse_package_string
[1.979s]     raise InvalidPackage('Error(s):%s' % (''.join(['\n- %s' % e for e in errors])), filename)
[1.979s] catkin_pkg.package.InvalidPackage: Error(s) in package '/home/juloau/Desktop/TFG/tfg-jlopez/code/ros2/src/pibotj_pothole/package.xml':
[1.979s] Error(s):
[1.979s] - The generic dependency on 'urdf' is redundant with: exec_depend
[1.979s] - The generic dependency on 'controller_manager' is redundant with: exec_depend
[1.980s] - The generic dependency on 'joint_state_broadcaster' is redundant with: exec_depend
[1.980s] - The generic dependency on 'robot_state_publisher' is redundant with: exec_depend
[1.992s] [31mCMake Error at /opt/ros/humble/share/ament_cmake_core/cmake/core/ament_package_xml.cmake:95 (message):
[1.992s]   execute_process(/usr/bin/python3
[1.992s]   /opt/ros/humble/share/ament_cmake_core/cmake/core/package_xml_2_cmake.py
[1.992s]   /home/juloau/Desktop/TFG/tfg-jlopez/code/ros2/src/pibotj_pothole/package.xml
[1.992s]   /home/juloau/Desktop/TFG/tfg-jlopez/code/ros2/build/pibotj_pothole/ament_cmake_core/package.cmake)
[1.992s]   returned error code 1
[1.992s] Call Stack (most recent call first):
[1.992s]   /opt/ros/humble/share/ament_cmake_core/cmake/core/ament_package_xml.cmake:49 (_ament_package_xml)
[1.992s]   /opt/ros/humble/share/ament_cmake_core/cmake/core/ament_package.cmake:63 (ament_package_xml)
[1.992s]   CMakeLists.txt:57 (ament_package)
[1.993s] 
[1.993s] [0m
[1.993s] -- Configuring incomplete, errors occurred!
[1.993s] See also "/home/juloau/Desktop/TFG/tfg-jlopez/code/ros2/build/pibotj_pothole/CMakeFiles/CMakeOutput.log".
[2.000s] gmake: *** [Makefile:226: cmake_check_build_system] Error 1
[2.002s] Invoked command in '/home/juloau/Desktop/TFG/tfg-jlopez/code/ros2/build/pibotj_pothole' returned '2': /usr/bin/cmake --build /home/juloau/Desktop/TFG/tfg-jlopez/code/ros2/build/pibotj_pothole -- -j8 -l8
