[0.011s] Invoking command in '/home/juloau/Desktop/TFG/tfg-jlopez/code/ros2/build/pibotj_pothole': /usr/bin/cmake --build /home/juloau/Desktop/TFG/tfg-jlopez/code/ros2/build/pibotj_pothole -- -j8 -l8
[0.031s] -- Found ament_cmake: 1.3.9 (/opt/ros/humble/share/ament_cmake/cmake)
[0.146s] -- Override CMake install command with custom implementation using symlinks instead of copying resources
[0.155s] -- Found ament_lint_auto: 0.12.11 (/opt/ros/humble/share/ament_lint_auto/cmake)
[0.205s] Error parsing '/home/juloau/Desktop/TFG/tfg-jlopez/code/ros2/src/pibotj_pothole/package.xml':
[0.248s] Traceback (most recent call last):
[0.249s]   File "/opt/ros/humble/share/ament_cmake_core/cmake/core/package_xml_2_cmake.py", line 150, in <module>
[0.249s]     main()
[0.249s]   File "/opt/ros/humble/share/ament_cmake_core/cmake/core/package_xml_2_cmake.py", line 53, in main
[0.249s]     raise e
[0.249s]   File "/opt/ros/humble/share/ament_cmake_core/cmake/core/package_xml_2_cmake.py", line 49, in main
[0.249s]     package = parse_package_string(
[0.249s]   File "/usr/lib/python3/dist-packages/catkin_pkg/package.py", line 786, in parse_package_string
[0.249s]     raise InvalidPackage('Error(s):%s' % (''.join(['\n- %s' % e for e in errors])), filename)
[0.249s] catkin_pkg.package.InvalidPackage: Error(s) in package '/home/juloau/Desktop/TFG/tfg-jlopez/code/ros2/src/pibotj_pothole/package.xml':
[0.249s] Error(s):
[0.250s] - The generic dependency on 'urdf' is redundant with: exec_depend
[0.250s] - The generic dependency on 'controller_manager' is redundant with: exec_depend
[0.250s] - The generic dependency on 'joint_state_controller' is redundant with: exec_depend
[0.250s] - The generic dependency on 'robot_state_publisher' is redundant with: exec_depend
[0.262s] [31mCMake Error at /opt/ros/humble/share/ament_cmake_core/cmake/core/ament_package_xml.cmake:95 (message):
[0.262s]   execute_process(/usr/bin/python3
[0.262s]   /opt/ros/humble/share/ament_cmake_core/cmake/core/package_xml_2_cmake.py
[0.262s]   /home/juloau/Desktop/TFG/tfg-jlopez/code/ros2/src/pibotj_pothole/package.xml
[0.262s]   /home/juloau/Desktop/TFG/tfg-jlopez/code/ros2/build/pibotj_pothole/ament_cmake_core/package.cmake)
[0.262s]   returned error code 1
[0.263s] Call Stack (most recent call first):
[0.263s]   /opt/ros/humble/share/ament_cmake_core/cmake/core/ament_package_xml.cmake:49 (_ament_package_xml)
[0.263s]   /opt/ros/humble/share/ament_lint_auto/cmake/ament_lint_auto_find_test_dependencies.cmake:31 (ament_package_xml)
[0.263s]   CMakeLists.txt:23 (ament_lint_auto_find_test_dependencies)
[0.263s] 
[0.263s] [0m
[0.263s] -- Configuring incomplete, errors occurred!
[0.263s] See also "/home/juloau/Desktop/TFG/tfg-jlopez/code/ros2/build/pibotj_pothole/CMakeFiles/CMakeOutput.log".
[0.264s] gmake: *** [Makefile:226: cmake_check_build_system] Error 1
[0.266s] Invoked command in '/home/juloau/Desktop/TFG/tfg-jlopez/code/ros2/build/pibotj_pothole' returned '2': /usr/bin/cmake --build /home/juloau/Desktop/TFG/tfg-jlopez/code/ros2/build/pibotj_pothole -- -j8 -l8
