[0.011s] Invoking command in '/home/juloau/Desktop/TFG/tfg-jlopez/code/ros2/build/pibotj_pothole': /usr/bin/cmake --build /home/juloau/Desktop/TFG/tfg-jlopez/code/ros2/build/pibotj_pothole -- -j8 -l8
[0.033s] -- Found ament_cmake: 1.3.9 (/opt/ros/humble/share/ament_cmake/cmake)
[0.147s] -- Override CMake install command with custom implementation using symlinks instead of copying resources
[0.154s] -- Found urdf: 2.6.0 (/opt/ros/humble/share/urdf/cmake)
[0.189s] -- Found controller_manager: 2.41.0 (/opt/ros/humble/share/controller_manager/cmake)
[0.208s] -- Found rosidl_generator_c: 3.1.5 (/opt/ros/humble/share/rosidl_generator_c/cmake)
[0.210s] -- Found rosidl_adapter: 3.1.5 (/opt/ros/humble/share/rosidl_adapter/cmake)
[0.216s] -- Found rosidl_generator_cpp: 3.1.5 (/opt/ros/humble/share/rosidl_generator_cpp/cmake)
[0.226s] -- Using all available rosidl_typesupport_c: rosidl_typesupport_fastrtps_c;rosidl_typesupport_introspection_c
[0.238s] -- Using all available rosidl_typesupport_cpp: rosidl_typesupport_fastrtps_cpp;rosidl_typesupport_introspection_cpp
[0.792s] -- Found rmw_implementation_cmake: 6.1.2 (/opt/ros/humble/share/rmw_implementation_cmake/cmake)
[0.793s] -- Found rmw_fastrtps_cpp: 6.2.6 (/opt/ros/humble/share/rmw_fastrtps_cpp/cmake)
[0.821s] -- Found TinyXML2 via Config file: TinyXML2_DIR-NOTFOUND
[0.829s] -- Found TinyXML2 via Config file: TinyXML2_DIR-NOTFOUND
[0.851s] -- Found TinyXML2 via Config file: TinyXML2_DIR-NOTFOUND
[0.859s] -- Found TinyXML2 via Config file: TinyXML2_DIR-NOTFOUND
[0.869s] -- Using RMW implementation 'rmw_fastrtps_cpp' as default
[1.470s] -- Found joint_state_broadcaster: 2.35.0 (/opt/ros/humble/share/joint_state_broadcaster/cmake)
[1.582s] -- Found parameter_traits: 0.3.8 (/opt/ros/humble/share/parameter_traits/cmake)
[1.611s] -- Found robot_state_publisher: 3.0.3 (/opt/ros/humble/share/robot_state_publisher/cmake)
[1.617s] -- Found eigen3_cmake_module: 0.1.1 (/opt/ros/humble/share/eigen3_cmake_module/cmake)
[1.618s] -- Ensuring Eigen3 include directory is part of orocos-kdl CMake target
[1.910s] Error parsing '/home/juloau/Desktop/TFG/tfg-jlopez/code/ros2/src/pibotj_pothole/package.xml':
[1.953s] Traceback (most recent call last):
[1.953s]   File "/opt/ros/humble/share/ament_cmake_core/cmake/core/package_xml_2_cmake.py", line 150, in <module>
[1.953s]     main()
[1.954s]   File "/opt/ros/humble/share/ament_cmake_core/cmake/core/package_xml_2_cmake.py", line 53, in main
[1.954s]     raise e
[1.954s]   File "/opt/ros/humble/share/ament_cmake_core/cmake/core/package_xml_2_cmake.py", line 49, in main
[1.954s]     package = parse_package_string(
[1.954s]   File "/usr/lib/python3/dist-packages/catkin_pkg/package.py", line 786, in parse_package_string
[1.954s]     raise InvalidPackage('Error(s):%s' % (''.join(['\n- %s' % e for e in errors])), filename)
[1.954s] catkin_pkg.package.InvalidPackage: Error(s) in package '/home/juloau/Desktop/TFG/tfg-jlopez/code/ros2/src/pibotj_pothole/package.xml':
[1.954s] Error(s):
[1.954s] - The generic dependency on 'urdf' is redundant with: exec_depend
[1.954s] - The generic dependency on 'controller_manager' is redundant with: exec_depend
[1.954s] - The generic dependency on 'joint_state_broadcaster' is redundant with: exec_depend
[1.954s] - The generic dependency on 'robot_state_publisher' is redundant with: exec_depend
[1.967s] [31mCMake Error at /opt/ros/humble/share/ament_cmake_core/cmake/core/ament_package_xml.cmake:95 (message):
[1.967s]   execute_process(/usr/bin/python3
[1.967s]   /opt/ros/humble/share/ament_cmake_core/cmake/core/package_xml_2_cmake.py
[1.967s]   /home/juloau/Desktop/TFG/tfg-jlopez/code/ros2/src/pibotj_pothole/package.xml
[1.967s]   /home/juloau/Desktop/TFG/tfg-jlopez/code/ros2/build/pibotj_pothole/ament_cmake_core/package.cmake)
[1.967s]   returned error code 1
[1.967s] Call Stack (most recent call first):
[1.967s]   /opt/ros/humble/share/ament_cmake_core/cmake/core/ament_package_xml.cmake:49 (_ament_package_xml)
[1.968s]   /opt/ros/humble/share/ament_cmake_core/cmake/core/ament_package.cmake:63 (ament_package_xml)
[1.968s]   CMakeLists.txt:57 (ament_package)
[1.968s] 
[1.968s] [0m
[1.968s] -- Configuring incomplete, errors occurred!
[1.968s] See also "/home/juloau/Desktop/TFG/tfg-jlopez/code/ros2/build/pibotj_pothole/CMakeFiles/CMakeOutput.log".
[1.975s] gmake: *** [Makefile:226: cmake_check_build_system] Error 1
[1.977s] Invoked command in '/home/juloau/Desktop/TFG/tfg-jlopez/code/ros2/build/pibotj_pothole' returned '2': /usr/bin/cmake --build /home/juloau/Desktop/TFG/tfg-jlopez/code/ros2/build/pibotj_pothole -- -j8 -l8
